Training procedure...

Loading train dataset from .CSV file
Done. Elapsed time : 13.158850 seconds

Encoding train dataset
DATASET OVERVIEW
   step  type    amount  nameOrig       ...        oldbalanceDest  newbalanceDest  isFraud  isFlaggedFraud
0     1     1   9839.64   1790744       ...                   0.0             0.0        0               0
1     1     1   1864.28   4523079       ...                   0.0             0.0        0               0
2     1     2    181.00   5016298       ...                   0.0             0.0        1               0
3     1     3    181.00   6215724       ...               21182.0             0.0        1               0
4     1     1  11668.14    284029       ...                   0.0             0.0        0               0

[5 rows x 11 columns]
Done. Elapsed time : 27.036362 seconds
                                                                                                                                                                                                      Loaded training NN model
_________________________________________________________________
Layer (type)                 Output Shape              Param #
=================================================================
dense_1 (Dense)              (None, 18)                180
_________________________________________________________________
dense_2 (Dense)              (None, 1)                 19
=================================================================
                                                       Total params: 199
                                                       Trainable params: 199
                                                       Non-trainable params: 0
_________________________________________________________________
Train on 5090096 samples, validate on 1272524 samples
Epoch 1/100
2018-07-12 02:12:14.179561: E T:\src\github\tensorflow\tensorflow\stream_executor\cuda\cuda_driver.cc:406] failed call to cuInit: CUDA_ERROR_UNKNOWN
2018-07-12 02:12:14.213093: I T:\src\github\tensorflow\tensorflow\stream_executor\cuda\cuda_diagnostics.cc:158] retrieving CUDA diagnostic information for host: BUTTERFLY-PC                                                                   2018-07-12 02:12:14.222394: I T:\src\github\tensorflow\tensorflow\stream_executor\cuda\cuda_diagnostics.cc:165] hostname: BUTTERFLY-PC
5090096/5090096 [==============================] - 256s 50us/step - loss: 0.0035 - acc: 0.9993 - val_loss: 0.0134 - val_acc: 0.9980
Epoch 2/100
5090096/5090096 [==============================] - 251s 49us/step - loss: 0.0022 - acc: 0.9996 - val_loss: 0.0098 - val_acc: 0.9983
Epoch 3/100
5090096/5090096 [==============================] - 254s 50us/step - loss: 0.0020 - acc: 0.9996 - val_loss: 0.0081 - val_acc: 0.9986
Epoch 4/100
5090096/5090096 [==============================] - 254s 50us/step - loss: 0.0019 - acc: 0.9996 - val_loss: 0.0078 - val_acc: 0.9988
Epoch 5/100
5090096/5090096 [==============================] - 255s 50us/step - loss: 0.0019 - acc: 0.9996 - val_loss: 0.0085 - val_acc: 0.9986
Epoch 6/100
5090096/5090096 [==============================] - 254s 50us/step - loss: 0.0019 - acc: 0.9996 - val_loss: 0.0084 - val_acc: 0.9988
Epoch 7/100
5090096/5090096 [==============================] - 250s 49us/step - loss: 0.0019 - acc: 0.9996 - val_loss: 0.0088 - val_acc: 0.9989
Epoch 8/100
5090096/5090096 [==============================] - 252s 50us/step - loss: 0.0018 - acc: 0.9996 - val_loss: 0.0078 - val_acc: 0.9988
Epoch 9/100
5090096/5090096 [==============================] - 256s 50us/step - loss: 0.0018 - acc: 0.9997 - val_loss: 0.0089 - val_acc: 0.9987
Epoch 10/100
5090096/5090096 [==============================] - 252s 50us/step - loss: 0.0018 - acc: 0.9997 - val_loss: 0.0103 - val_acc: 0.9985
Epoch 11/100
5090096/5090096 [==============================] - 251s 49us/step - loss: 0.0018 - acc: 0.9997 - val_loss: 0.0095 - val_acc: 0.9985
Epoch 12/100
5090096/5090096 [==============================] - 253s 50us/step - loss: 0.0018 - acc: 0.9997 - val_loss: 0.0124 - val_acc: 0.9985
Epoch 13/100
5090096/5090096 [==============================] - 259s 51us/step - loss: 0.0018 - acc: 0.9997 - val_loss: 0.0090 - val_acc: 0.9988
Epoch 14/100
5090096/5090096 [==============================] - 255s 50us/step - loss: 0.0017 - acc: 0.9997 - val_loss: 0.0101 - val_acc: 0.9986
Epoch 15/100
5090096/5090096 [==============================] - 253s 50us/step - loss: 0.0017 - acc: 0.9997 - val_loss: 0.0116 - val_acc: 0.9985
Epoch 16/100
5090096/5090096 [==============================] - 261s 51us/step - loss: 0.0017 - acc: 0.9997 - val_loss: 0.0101 - val_acc: 0.9986
Epoch 17/100
5090096/5090096 [==============================] - 267s 53us/step - loss: 0.0017 - acc: 0.9997 - val_loss: 0.0091 - val_acc: 0.9989
Epoch 18/100
5090096/5090096 [==============================] - 255s 50us/step - loss: 0.0017 - acc: 0.9997 - val_loss: 0.0090 - val_acc: 0.9989
Epoch 19/100
5090096/5090096 [==============================] - 262s 52us/step - loss: 0.0017 - acc: 0.9997 - val_loss: 0.0109 - val_acc: 0.9986
Epoch 20/100
5090096/5090096 [==============================] - 255s 50us/step - loss: 0.0017 - acc: 0.9997 - val_loss: 0.0128 - val_acc: 0.9985
Epoch 21/100
5090096/5090096 [==============================] - 253s 50us/step - loss: 0.0017 - acc: 0.9997 - val_loss: 0.0077 - val_acc: 0.9989
Epoch 22/100
5090096/5090096 [==============================] - 262s 51us/step - loss: 0.0017 - acc: 0.9997 - val_loss: 0.0071 - val_acc: 0.9988
Epoch 23/100
5090096/5090096 [==============================] - 257s 51us/step - loss: 0.0017 - acc: 0.9997 - val_loss: 0.0065 - val_acc: 0.9990
Epoch 24/100
5090096/5090096 [==============================] - 260s 51us/step - loss: 0.0017 - acc: 0.9997 - val_loss: 0.0101 - val_acc: 0.9987
Epoch 25/100
5090096/5090096 [==============================] - 269s 53us/step - loss: 0.0017 - acc: 0.9997 - val_loss: 0.0094 - val_acc: 0.9988
Epoch 26/100
5090096/5090096 [==============================] - 257s 50us/step - loss: 0.0016 - acc: 0.9997 - val_loss: 0.0070 - val_acc: 0.9987
Epoch 27/100
5090096/5090096 [==============================] - 259s 51us/step - loss: 0.0017 - acc: 0.9997 - val_loss: 0.0135 - val_acc: 0.9986
Epoch 28/100
5090096/5090096 [==============================] - 260s 51us/step - loss: 0.0016 - acc: 0.9997 - val_loss: 0.0067 - val_acc: 0.9989
Epoch 29/100
5090096/5090096 [==============================] - 262s 51us/step - loss: 0.0016 - acc: 0.9997 - val_loss: 0.0065 - val_acc: 0.9989
Epoch 30/100
5090096/5090096 [==============================] - 262s 52us/step - loss: 0.0016 - acc: 0.9997 - val_loss: 0.0100 - val_acc: 0.9986
Epoch 31/100
5090096/5090096 [==============================] - 263s 52us/step - loss: 0.0016 - acc: 0.9997 - val_loss: 0.0095 - val_acc: 0.9988
Epoch 32/100
5090096/5090096 [==============================] - 260s 51us/step - loss: 0.0016 - acc: 0.9997 - val_loss: 0.0077 - val_acc: 0.9987
Epoch 33/100
5090096/5090096 [==============================] - 259s 51us/step - loss: 0.0016 - acc: 0.9997 - val_loss: 0.0107 - val_acc: 0.9986
Epoch 34/100
5090096/5090096 [==============================] - 260s 51us/step - loss: 0.0016 - acc: 0.9997 - val_loss: 0.0097 - val_acc: 0.9989
Epoch 35/100
5090096/5090096 [==============================] - 261s 51us/step - loss: 0.0016 - acc: 0.9997 - val_loss: 0.0113 - val_acc: 0.9985
Epoch 36/100
5090096/5090096 [==============================] - 260s 51us/step - loss: 0.0016 - acc: 0.9997 - val_loss: 0.0146 - val_acc: 0.9985
Epoch 37/100
5090096/5090096 [==============================] - 264s 52us/step - loss: 0.0016 - acc: 0.9997 - val_loss: 0.0097 - val_acc: 0.9989
Epoch 38/100
5090096/5090096 [==============================] - 258s 51us/step - loss: 0.0016 - acc: 0.9997 - val_loss: 0.0076 - val_acc: 0.9988
Epoch 39/100
5090096/5090096 [==============================] - 257s 50us/step - loss: 0.0016 - acc: 0.9997 - val_loss: 0.0098 - val_acc: 0.9988
Epoch 40/100
5090096/5090096 [==============================] - 263s 52us/step - loss: 0.0016 - acc: 0.9997 - val_loss: 0.0063 - val_acc: 0.9989
Epoch 41/100
5090096/5090096 [==============================] - 261s 51us/step - loss: 0.0016 - acc: 0.9997 - val_loss: 0.0089 - val_acc: 0.9988
Epoch 42/100
5090096/5090096 [==============================] - 257s 50us/step - loss: 0.0016 - acc: 0.9997 - val_loss: 0.0096 - val_acc: 0.9986
Epoch 43/100
5090096/5090096 [==============================] - 255s 50us/step - loss: 0.0016 - acc: 0.9997 - val_loss: 0.0080 - val_acc: 0.9987
Epoch 44/100
5090096/5090096 [==============================] - 257s 50us/step - loss: 0.0016 - acc: 0.9997 - val_loss: 0.0086 - val_acc: 0.9987
Epoch 45/100
5090096/5090096 [==============================] - 260s 51us/step - loss: 0.0016 - acc: 0.9997 - val_loss: 0.0073 - val_acc: 0.9989
Epoch 46/100
5090096/5090096 [==============================] - 266s 52us/step - loss: 0.0016 - acc: 0.9997 - val_loss: 0.0064 - val_acc: 0.9989
Epoch 47/100
5090096/5090096 [==============================] - 260s 51us/step - loss: 0.0016 - acc: 0.9997 - val_loss: 0.0084 - val_acc: 0.9987
Epoch 48/100
5090096/5090096 [==============================] - 256s 50us/step - loss: 0.0016 - acc: 0.9997 - val_loss: 0.0097 - val_acc: 0.9987
Epoch 49/100
5090096/5090096 [==============================] - 257s 51us/step - loss: 0.0016 - acc: 0.9997 - val_loss: 0.0080 - val_acc: 0.9989
Epoch 50/100
5090096/5090096 [==============================] - 255s 50us/step - loss: 0.0016 - acc: 0.9997 - val_loss: 0.0097 - val_acc: 0.9987
Epoch 51/100
5090096/5090096 [==============================] - 262s 52us/step - loss: 0.0015 - acc: 0.9997 - val_loss: 0.0085 - val_acc: 0.9988
Epoch 52/100
5090096/5090096 [==============================] - 252s 49us/step - loss: 0.0015 - acc: 0.9997 - val_loss: 0.0099 - val_acc: 0.9987
Epoch 53/100
5090096/5090096 [==============================] - 252s 50us/step - loss: 0.0015 - acc: 0.9997 - val_loss: 0.0092 - val_acc: 0.9986
Epoch 54/100
5090096/5090096 [==============================] - 251s 49us/step - loss: 0.0016 - acc: 0.9997 - val_loss: 0.0077 - val_acc: 0.9987
Epoch 55/100
5090096/5090096 [==============================] - 263s 52us/step - loss: 0.0015 - acc: 0.9997 - val_loss: 0.0065 - val_acc: 0.9990
Epoch 56/100
5090096/5090096 [==============================] - 254s 50us/step - loss: 0.0015 - acc: 0.9997 - val_loss: 0.0084 - val_acc: 0.9987
Epoch 57/100
5090096/5090096 [==============================] - 255s 50us/step - loss: 0.0015 - acc: 0.9997 - val_loss: 0.0080 - val_acc: 0.9988
Epoch 58/100
5090096/5090096 [==============================] - 257s 51us/step - loss: 0.0015 - acc: 0.9997 - val_loss: 0.0088 - val_acc: 0.9988
Epoch 59/100
5090096/5090096 [==============================] - 256s 50us/step - loss: 0.0015 - acc: 0.9997 - val_loss: 0.0088 - val_acc: 0.9989
Epoch 60/100
5090096/5090096 [==============================] - 256s 50us/step - loss: 0.0015 - acc: 0.9997 - val_loss: 0.0071 - val_acc: 0.9988
Epoch 61/100
5090096/5090096 [==============================] - 257s 51us/step - loss: 0.0015 - acc: 0.9997 - val_loss: 0.0059 - val_acc: 0.9988
Epoch 62/100
5090096/5090096 [==============================] - 257s 51us/step - loss: 0.0015 - acc: 0.9997 - val_loss: 0.0045 - val_acc: 0.9990
Epoch 63/100
5090096/5090096 [==============================] - 259s 51us/step - loss: 0.0015 - acc: 0.9997 - val_loss: 0.0093 - val_acc: 0.9987
Epoch 64/100
5090096/5090096 [==============================] - 256s 50us/step - loss: 0.0015 - acc: 0.9997 - val_loss: 0.0104 - val_acc: 0.9986
Epoch 65/100
5090096/5090096 [==============================] - 258s 51us/step - loss: 0.0016 - acc: 0.9997 - val_loss: 0.0052 - val_acc: 0.9989
Epoch 66/100
5090096/5090096 [==============================] - 257s 50us/step - loss: 0.0015 - acc: 0.9997 - val_loss: 0.0073 - val_acc: 0.9989
Epoch 67/100
5090096/5090096 [==============================] - 258s 51us/step - loss: 0.0015 - acc: 0.9997 - val_loss: 0.0086 - val_acc: 0.9989
Epoch 68/100
5090096/5090096 [==============================] - 258s 51us/step - loss: 0.0015 - acc: 0.9997 - val_loss: 0.0081 - val_acc: 0.9987
Epoch 69/100
5090096/5090096 [==============================] - 260s 51us/step - loss: 0.0015 - acc: 0.9997 - val_loss: 0.0087 - val_acc: 0.9989
Epoch 70/100
5090096/5090096 [==============================] - 257s 50us/step - loss: 0.0015 - acc: 0.9997 - val_loss: 0.0066 - val_acc: 0.9988
Epoch 71/100
5090096/5090096 [==============================] - 257s 50us/step - loss: 0.0015 - acc: 0.9997 - val_loss: 0.0096 - val_acc: 0.9987
Epoch 72/100
5090096/5090096 [==============================] - 259s 51us/step - loss: 0.0015 - acc: 0.9997 - val_loss: 0.0078 - val_acc: 0.9989
Epoch 73/100
5090096/5090096 [==============================] - 256s 50us/step - loss: 0.0015 - acc: 0.9997 - val_loss: 0.0064 - val_acc: 0.9989
Epoch 74/100
5090096/5090096 [==============================] - 256s 50us/step - loss: 0.0015 - acc: 0.9997 - val_loss: 0.0085 - val_acc: 0.9988
Epoch 75/100
5090096/5090096 [==============================] - 257s 50us/step - loss: 0.0015 - acc: 0.9997 - val_loss: 0.0098 - val_acc: 0.9987
Epoch 76/100
5090096/5090096 [==============================] - 266s 52us/step - loss: 0.0015 - acc: 0.9997 - val_loss: 0.0059 - val_acc: 0.9988
Epoch 77/100
5090096/5090096 [==============================] - 262s 52us/step - loss: 0.0015 - acc: 0.9997 - val_loss: 0.0072 - val_acc: 0.9988
Epoch 78/100
5090096/5090096 [==============================] - 263s 52us/step - loss: 0.0015 - acc: 0.9997 - val_loss: 0.0083 - val_acc: 0.9988
Epoch 79/100
5090096/5090096 [==============================] - 253s 50us/step - loss: 0.0015 - acc: 0.9997 - val_loss: 0.0063 - val_acc: 0.9990
Epoch 80/100
5090096/5090096 [==============================] - 253s 50us/step - loss: 0.0015 - acc: 0.9997 - val_loss: 0.0062 - val_acc: 0.9988
Epoch 81/100
5090096/5090096 [==============================] - 250s 49us/step - loss: 0.0015 - acc: 0.9997 - val_loss: 0.0060 - val_acc: 0.9988
Epoch 82/100
5090096/5090096 [==============================] - 253s 50us/step - loss: 0.0015 - acc: 0.9997 - val_loss: 0.0061 - val_acc: 0.9990
Epoch 83/100
5090096/5090096 [==============================] - 252s 49us/step - loss: 0.0015 - acc: 0.9997 - val_loss: 0.0086 - val_acc: 0.9987
Epoch 84/100
5090096/5090096 [==============================] - 255s 50us/step - loss: 0.0015 - acc: 0.9997 - val_loss: 0.0085 - val_acc: 0.9988
Epoch 85/100
5090096/5090096 [==============================] - 253s 50us/step - loss: 0.0015 - acc: 0.9997 - val_loss: 0.0077 - val_acc: 0.9989
Epoch 86/100
5090096/5090096 [==============================] - 253s 50us/step - loss: 0.0015 - acc: 0.9997 - val_loss: 0.0051 - val_acc: 0.9989
Epoch 87/100
5090096/5090096 [==============================] - 254s 50us/step - loss: 0.0015 - acc: 0.9997 - val_loss: 0.0067 - val_acc: 0.9989
Epoch 88/100
5090096/5090096 [==============================] - 252s 49us/step - loss: 0.0015 - acc: 0.9997 - val_loss: 0.0077 - val_acc: 0.9989
Epoch 89/100
5090096/5090096 [==============================] - 259s 51us/step - loss: 0.0015 - acc: 0.9997 - val_loss: 0.0061 - val_acc: 0.9989
Epoch 90/100
5090096/5090096 [==============================] - 262s 51us/step - loss: 0.0015 - acc: 0.9997 - val_loss: 0.0078 - val_acc: 0.9988
Epoch 91/100
5090096/5090096 [==============================] - 258s 51us/step - loss: 0.0015 - acc: 0.9997 - val_loss: 0.0059 - val_acc: 0.9990
Epoch 92/100
5090096/5090096 [==============================] - 256s 50us/step - loss: 0.0015 - acc: 0.9997 - val_loss: 0.0098 - val_acc: 0.9987
Epoch 93/100
5090096/5090096 [==============================] - 257s 51us/step - loss: 0.0015 - acc: 0.9997 - val_loss: 0.0071 - val_acc: 0.9989
Epoch 94/100
5090096/5090096 [==============================] - 254s 50us/step - loss: 0.0015 - acc: 0.9997 - val_loss: 0.0096 - val_acc: 0.9987
Epoch 95/100
5090096/5090096 [==============================] - 255s 50us/step - loss: 0.0015 - acc: 0.9997 - val_loss: 0.0071 - val_acc: 0.9989
Epoch 96/100
5090096/5090096 [==============================] - 252s 50us/step - loss: 0.0015 - acc: 0.9997 - val_loss: 0.0098 - val_acc: 0.9987
Epoch 97/100
5090096/5090096 [==============================] - 254s 50us/step - loss: 0.0015 - acc: 0.9997 - val_loss: 0.0053 - val_acc: 0.9988
Epoch 98/100
5090096/5090096 [==============================] - 251s 49us/step - loss: 0.0015 - acc: 0.9997 - val_loss: 0.0055 - val_acc: 0.9989
Epoch 99/100
5090096/5090096 [==============================] - 253s 50us/step - loss: 0.0015 - acc: 0.9997 - val_loss: 0.0055 - val_acc: 0.9989
Epoch 100/100
5090096/5090096 [==============================] - 255s 50us/step - loss: 0.0015 - acc: 0.9997 - val_loss: 0.0074 - val_acc: 0.9988
6362620/6362620 [==============================] - 103s 16us/step

acc: 99.95%