Training procedure...

Loading train dataset from .CSV file
Done. Elapsed time : 13.853854 seconds

Encoding train dataset
DATASET OVERVIEW
    step  type     amount  oldbalanceOrg       ...        oldbalanceDest  newbalanceDest  isFraud  isFlaggedFraud
0      1     2    9839.64      170136.00       ...                   0.0            0.00        0               0
1      1     2    1864.28       21249.00       ...                   0.0            0.00        0               0
2      1     4     181.00         181.00       ...                   0.0            0.00        1               0
3      1     0     181.00         181.00       ...               21182.0            0.00        1               0
4      1     2   11668.14       41554.00       ...                   0.0            0.00        0               0
5      1     2    7817.71       53860.00       ...                   0.0            0.00        0               0
6      1     2    7107.77      183195.00       ...                   0.0            0.00        0               0
7      1     2    7861.64      176087.23       ...                   0.0            0.00        0               0
8      1     2    4024.36        2671.00       ...                   0.0            0.00        0               0
9      1     3    5337.77       41720.00       ...               41898.0        40348.79        0               0
10     1     3    9644.94        4465.00       ...               10845.0       157982.12        0               0
11     1     2    3099.97       20771.00       ...                   0.0            0.00        0               0
12     1     2    2560.74        5070.00       ...                   0.0            0.00        0               0
13     1     2   11633.76       10127.00       ...                   0.0            0.00        0               0
14     1     2    4098.78      503264.00       ...                   0.0            0.00        0               0
15     1     0  229133.94       15325.00       ...                5083.0        51513.44        0               0
16     1     2    1563.82         450.00       ...                   0.0            0.00        0               0
17     1     2    1157.86       21156.00       ...                   0.0            0.00        0               0
18     1     2     671.64       15123.00       ...                   0.0            0.00        0               0
19     1     4  215310.30         705.00       ...               22425.0            0.00        0               0

[20 rows x 9 columns]
Done. Elapsed time : 5.243191 seconds

Loaded training NN model
_________________________________________________________________
Layer (type)                 Output Shape              Param #
=================================================================
dense_1 (Dense)              (None, 14)                112
_________________________________________________________________
dense_2 (Dense)              (None, 28)                420
_________________________________________________________________
dense_3 (Dense)              (None, 14)                406
_________________________________________________________________
dense_4 (Dense)              (None, 7)                 105
_________________________________________________________________
dense_5 (Dense)              (None, 1)                 8
=================================================================
Total params: 1,051
Trainable params: 1,051
Non-trainable params: 0
_________________________________________________________________
Train on 5090096 samples, validate on 1272524 samples
Epoch 1/5
2018-08-04 10:41:44.343460: I T:\src\github\tensorflow\tensorflow\core\common_runtime\gpu\gpu_device.cc:1392] Found device 0 with properties:
name: GeForce GTX 1050 major: 3 minor: 0 memoryClockRate(GHz): 0.928
pciBusID: 0000:01:00.0
totalMemory: 2.00GiB freeMemory: 1.66GiB
2018-08-04 10:41:44.361233: I T:\src\github\tensorflow\tensorflow\core\common_runtime\gpu\gpu_device.cc:1471] Adding visible gpu devices: 0
2018-08-04 10:41:48.803672: I T:\src\github\tensorflow\tensorflow\core\common_runtime\gpu\gpu_device.cc:952] Device interconnect StreamExecutor with strength 1 edge matrix:
2018-08-04 10:41:48.809371: I T:\src\github\tensorflow\tensorflow\core\common_runtime\gpu\gpu_device.cc:958]      0
2018-08-04 10:41:48.812758: I T:\src\github\tensorflow\tensorflow\core\common_runtime\gpu\gpu_device.cc:971] 0:   N
2018-08-04 10:41:48.817734: I T:\src\github\tensorflow\tensorflow\core\common_runtime\gpu\gpu_device.cc:1084] Created TensorFlow device (/job:localhost/replica:0/task:0/device:GPU:0 with 1435 MB memory) -> physical GPU (device: 0, name: GeForce GTX 1050, pci bus id: 0000:01:00.0, compute capability: 3.0)
5090096/5090096 [==============================] - 1178s 231us/step - loss: 0.0030 - acc: 0.9995 - val_loss: 0.0090 - val_acc: 0.9983
Epoch 2/5
5090096/5090096 [==============================] - 1000s 196us/step - loss: 0.0023 - acc: 0.9996 - val_loss: 0.0121 - val_acc: 0.9982
Epoch 3/5
5090096/5090096 [==============================] - 951s 187us/step - loss: 0.0022 - acc: 0.9996 - val_loss: 0.0074 - val_acc: 0.9988
Epoch 4/5
5090096/5090096 [==============================] - 894s 176us/step - loss: 0.0022 - acc: 0.9996 - val_loss: 0.0139 - val_acc: 0.9984
Epoch 5/5
5090096/5090096 [==============================] - 888s 175us/step - loss: 0.0021 - acc: 0.9996 - val_loss: 0.0077 - val_acc: 0.9986
6362620/6362620 [==============================] - 242s 38us/step

acc: 99.94%